build/app/outputs/mapping/release/seeds.txt
com.btkit.nakshatra_vatika.MainActivity
com.btkit.nakshatra_vatika.MainActivity: MainActivity()
...
androidx.window.embedding.SplitPairRule: boolean equals(java.lang.Object)
io.flutter.embedding.android.FlutterView: void setWindowInfoListenerDisplayFeatures(androidx.window.layout.WindowLayoutInfo)
kotlinx.coroutines.NodeList: NodeList()
androidx.window.layout.HardwareFoldingFeature: java.lang.String toString()
org.chromium.support_lib_boundary.WebViewRendererBoundaryInterface: boolean terminate()
androidx.window.core.Version: java.lang.String getDescription()
androidx.window.R$attr: R$attr()
io.flutter.embedding.engine.FlutterJNI: void handlePlatformMessageResponse(int,java.nio.ByteBuffer)
io.flutter.embedding.android.FlutterTextureView: io.flutter.embedding.engine.renderer.FlutterRenderer getAttachedRenderer()
androidx.window.embedding.SplitController: void removeSplitListener(androidx.core.util.Consumer)
androidx.window.embedding.SplitPairFilter: int hashCode()
androidx.window.layout.WindowMetricsCalculator$Companion$reset$1: java.lang.Object invoke(java.lang.Object)
kotlin.coroutines.intrinsics.CoroutineSingletons: kotlin.coroutines.intrinsics.CoroutineSingletons valueOf(java.lang.String)
io.flutter.view.AccessibilityBridge$Flag: io.flutter.view.AccessibilityBridge$Flag[] values()
kotlinx.coroutines.android.AndroidExceptionPreHandler: AndroidExceptionPreHandler()
org.chromium.support_lib_boundary.WebViewProviderBoundaryInterface: java.lang.reflect.InvocationHandler addDocumentStartJavaScript(java.lang.String,java.lang.String[])
io.flutter.plugin.editing.ImeSyncDeferringInsetsCallback: int access$100(io.flutter.plugin.editing.ImeSyncDeferringInsetsCallback)
org.chromium.support_lib_boundary.StaticsBoundaryInterface: void setSafeBrowsingAllowlist(java.util.Set,android.webkit.ValueCallback)
io.flutter.view.AccessibilityViewEmbedder: boolean onAccessibilityHoverEvent(int,android.view.MotionEvent)
androidx.window.layout.EmptyDecorator: androidx.window.layout.WindowInfoTracker decorate(androidx.window.layout.WindowInfoTracker)
androidx.window.layout.ExtensionsWindowLayoutInfoAdapter: androidx.window.layout.FoldingFeature translate$window_release(android.app.Activity,androidx.window.extensions.layout.FoldingFeature)
org.chromium.support_lib_boundary.WebViewProviderBoundaryInterface: void insertVisualStateCallback(long,java.lang.reflect.InvocationHandler)
androidx.window.layout.SidecarWindowBackend$Companion: SidecarWindowBackend$Companion(kotlin.jvm.internal.DefaultConstructorMarker)
io.flutter.embedding.engine.mutatorsstack.FlutterMutatorView: android.graphics.Matrix getPlatformViewMatrix()
androidx.window.embedding.ExtensionEmbeddingBackend: void unregisterSplitListenerForActivity(androidx.core.util.Consumer)
androidx.window.embedding.ExtensionEmbeddingBackend$SplitListenerWrapper: void accept(java.util.List)
kotlin.coroutines.jvm.internal.BaseContinuationImpl: kotlin.coroutines.Continuation create(java.lang.Object,kotlin.coroutines.Continuation)
androidx.window.layout.SidecarAdapter$Companion: int getRawSidecarDevicePosture(androidx.window.sidecar.SidecarDeviceState)
io.flutter.embedding.engine.FlutterJNI: long nativeAttach(io.flutter.embedding.engine.FlutterJNI)
kotlinx.coroutines.android.AndroidExceptionPreHandler: java.lang.reflect.Method preHandler()
androidx.window.embedding.EmbeddingAdapter: boolean translateParentMetricsPredicate$lambda-4(androidx.window.embedding.SplitRule,android.view.WindowMetrics)
io.flutter.embedding.android.FlutterSplashView$SavedState: android.os.Bundle access$700(io.flutter.embedding.android.FlutterSplashView$SavedState)
kotlinx.coroutines.CoroutineDispatcher: CoroutineDispatcher()
androidx.window.embedding.ExtensionEmbeddingBackend$EmbeddingCallbackImpl: void setLastInfo(java.util.List)
io.flutter.embedding.engine.FlutterJNI: void updateJavaAssetManager(android.content.res.AssetManager,java.lang.String)
androidx.window.core.Version: int getPatch()
androidx.window.embedding.SplitController: void access$setGlobalInstance$cp(androidx.window.embedding.SplitController)