build/app/outputs/mapping/release/mapping.txt
# compiler: R8
# compiler_version: 3.3.70
# min_api: 21
# common_typos_disable
# {"id":"com.android.tools.r8.mapping","version":"2.0"}
# pg_map_id: 231cfa1
# pg_map_hash: SHA-256 231cfa180123a29e3165cf5eaf6651dd6571466fe9caf5d51aa431120b9e2828
...
kotlin.Result -> e0.k:
    kotlin.Result$Companion Companion -> d
    java.lang.Object constructor-impl(java.lang.Object) -> a
    java.lang.Throwable exceptionOrNull-impl(java.lang.Object) -> b
    boolean isFailure-impl(java.lang.Object) -> c
    boolean isSuccess-impl(java.lang.Object) -> d
kotlin.Result$Companion -> e0.k$a:
kotlin.Result$Failure -> e0.k$b:
    java.lang.Throwable exception -> d
kotlin.ResultKt -> e0.l:
    java.lang.Object createFailure(java.lang.Throwable) -> a
    void throwOnFailure(java.lang.Object) -> b
kotlin.SynchronizedLazyImpl -> e0.m:
    kotlin.jvm.functions.Function0 initializer -> d
    java.lang.Object lock -> f
    java.lang.Object _value -> e
    boolean isInitialized() -> a
kotlin.TuplesKt -> e0.n:
    kotlin.Pair to(java.lang.Object,java.lang.Object) -> a
kotlin.UNINITIALIZED_VALUE -> e0.o:
    kotlin.UNINITIALIZED_VALUE INSTANCE -> a
kotlin.UninitializedPropertyAccessException -> e0.p:
kotlin.Unit -> e0.q:
    kotlin.Unit INSTANCE -> a
kotlin.collections.ArraysKt -> f0.a:
    java.util.List asList(java.lang.Object[]) -> a
      # {"id":"com.android.tools.r8.synthesized"}
    java.lang.Object[] copyInto$default(java.lang.Object[],java.lang.Object[],int,int,int,int,java.lang.Object) -> c
      # {"id":"com.android.tools.r8.synthesized"}
    void fill(java.lang.Object[],java.lang.Object,int,int) -> d
      # {"id":"com.android.tools.r8.synthesized"}
    void fill$default(java.lang.Object[],java.lang.Object,int,int,int,java.lang.Object) -> e
      # {"id":"com.android.tools.r8.synthesized"}
    char single(char[]) -> f
      # {"id":"com.android.tools.r8.synthesized"}
    java.lang.Object singleOrNull(java.lang.Object[]) -> g
      # {"id":"com.android.tools.r8.synthesized"}
kotlin.collections.ArraysKt__ArraysJVMKt -> f0.b:
kotlin.collections.ArraysKt__ArraysKt -> f0.c:
kotlin.collections.ArraysKt___ArraysJvmKt -> f0.d:
    java.util.List asList(java.lang.Object[]) -> a
    java.lang.Object[] copyInto(java.lang.Object[],java.lang.Object[],int,int,int) -> b
    java.lang.Object[] copyInto$default(java.lang.Object[],java.lang.Object[],int,int,int,int,java.lang.Object) -> c
    void fill(java.lang.Object[],java.lang.Object,int,int) -> d
    void fill$default(java.lang.Object[],java.lang.Object,int,int,int,java.lang.Object) -> e
kotlin.collections.ArraysKt___ArraysKt -> f0.e:
    char single(char[]) -> f
    java.lang.Object singleOrNull(java.lang.Object[]) -> g
kotlin.collections.ArraysUtilJVM -> f0.f:
    java.util.List asList(java.lang.Object[]) -> a
kotlin.collections.CollectionsKt -> f0.g:
    java.util.List emptyList() -> b
      # {"id":"com.android.tools.r8.synthesized"}
    int getLastIndex(java.util.List) -> c
      # {"id":"com.android.tools.r8.synthesized"}
    java.util.List listOf(java.lang.Object[]) -> d
      # {"id":"com.android.tools.r8.synthesized"}
    java.util.List optimizeReadOnlyList(java.util.List) -> e
      # {"id":"com.android.tools.r8.synthesized"}
    void throwIndexOverflow() -> f
      # {"id":"com.android.tools.r8.synthesized"}
    int collectionSizeOrDefault(java.lang.Iterable,int) -> g
      # {"id":"com.android.tools.r8.synthesized"}
    boolean addAll(java.util.Collection,java.lang.Iterable) -> h
      # {"id":"com.android.tools.r8.synthesized"}
    java.lang.Appendable joinTo$default(java.lang.Iterable,java.lang.Appendable,java.lang.CharSequence,java.lang.CharSequence,java.lang.CharSequence,int,java.lang.CharSequence,kotlin.jvm.functions.Function1,int,java.lang.Object) -> j
      # {"id":"com.android.tools.r8.synthesized"}
    java.lang.String joinToString$default(java.lang.Iterable,java.lang.CharSequence,java.lang.CharSequence,java.lang.CharSequence,int,java.lang.CharSequence,kotlin.jvm.functions.Function1,int,java.lang.Object) -> l
      # {"id":"com.android.tools.r8.synthesized"}
    java.lang.Comparable minOrNull(java.lang.Iterable) -> m
      # {"id":"com.android.tools.r8.synthesized"}
    java.lang.Object single(java.lang.Iterable) -> n