build/app/outputs/mapping/release/usage.txt
com.btkit.nakshatra_vatika.BuildConfig
com.btkit.nakshatra_vatika.R$attr
com.btkit.nakshatra_vatika.R$color
com.btkit.nakshatra_vatika.R$dimen
com.btkit.nakshatra_vatika.R$drawable
com.btkit.nakshatra_vatika.R$id
com.btkit.nakshatra_vatika.R$integer
com.btkit.nakshatra_vatika.R$layout
com.btkit.nakshatra_vatika.R$mipmap
com.btkit.nakshatra_vatika.R$string
com.btkit.nakshatra_vatika.R$style
com.btkit.nakshatra_vatika.R$styleable
com.btkit.nakshatra_vatika.R
...
kotlinx.coroutines.flow.FlowKt__TransformKt$filter$$inlined$unsafeTransform$1$2$1
kotlinx.coroutines.flow.FlowKt__TransformKt$filter$$inlined$unsafeTransform$1$2
kotlinx.coroutines.flow.FlowKt__TransformKt$filter$$inlined$unsafeTransform$1
kotlinx.coroutines.flow.FlowKt__TransformKt$filterIsInstance$$inlined$filter$1$1
kotlinx.coroutines.flow.FlowKt__TransformKt$filterIsInstance$$inlined$filter$1$2$1
kotlinx.coroutines.flow.FlowKt__TransformKt$filterIsInstance$$inlined$filter$1$2
kotlinx.coroutines.flow.FlowKt__TransformKt$filterIsInstance$$inlined$filter$1
kotlinx.coroutines.flow.FlowKt__TransformKt$filterNot$$inlined$unsafeTransform$1$1
kotlinx.coroutines.flow.FlowKt__TransformKt$filterNot$$inlined$unsafeTransform$1$2$1
kotlinx.coroutines.flow.FlowKt__TransformKt$filterNot$$inlined$unsafeTransform$1$2
kotlinx.coroutines.flow.FlowKt__TransformKt$filterNot$$inlined$unsafeTransform$1
kotlinx.coroutines.flow.FlowKt__TransformKt$filterNotNull$$inlined$unsafeTransform$1$2$1
kotlinx.coroutines.flow.FlowKt__TransformKt$filterNotNull$$inlined$unsafeTransform$1$2
kotlinx.coroutines.flow.FlowKt__TransformKt$filterNotNull$$inlined$unsafeTransform$1
kotlinx.coroutines.flow.FlowKt__TransformKt$map$$inlined$unsafeTransform$1$1
kotlinx.coroutines.flow.FlowKt__TransformKt$map$$inlined$unsafeTransform$1$2$1
kotlinx.coroutines.flow.FlowKt__TransformKt$map$$inlined$unsafeTransform$1$2
kotlinx.coroutines.flow.FlowKt__TransformKt$map$$inlined$unsafeTransform$1
kotlinx.coroutines.flow.FlowKt__TransformKt$mapNotNull$$inlined$unsafeTransform$1$1
kotlinx.coroutines.flow.FlowKt__TransformKt$mapNotNull$$inlined$unsafeTransform$1$2$1
kotlinx.coroutines.flow.FlowKt__TransformKt$mapNotNull$$inlined$unsafeTransform$1$2
kotlinx.coroutines.flow.FlowKt__TransformKt$mapNotNull$$inlined$unsafeTransform$1
kotlinx.coroutines.flow.FlowKt__TransformKt$onEach$$inlined$unsafeTransform$1$2$1
kotlinx.coroutines.flow.FlowKt__TransformKt$onEach$$inlined$unsafeTransform$1$2
kotlinx.coroutines.flow.FlowKt__TransformKt$onEach$$inlined$unsafeTransform$1
kotlinx.coroutines.flow.FlowKt__TransformKt$runningFold$$inlined$unsafeFlow$1$1
kotlinx.coroutines.flow.FlowKt__TransformKt$runningFold$$inlined$unsafeFlow$1
kotlinx.coroutines.flow.FlowKt__TransformKt$runningFold$lambda-10$$inlined$collect$1$1
kotlinx.coroutines.flow.FlowKt__TransformKt$runningFold$lambda-10$$inlined$collect$1
kotlinx.coroutines.flow.FlowKt__TransformKt$runningReduce$$inlined$unsafeFlow$1
kotlinx.coroutines.flow.FlowKt__TransformKt$runningReduce$lambda-12$$inlined$collect$1$1
kotlinx.coroutines.flow.FlowKt__TransformKt$runningReduce$lambda-12$$inlined$collect$1
kotlinx.coroutines.flow.FlowKt__TransformKt$withIndex$$inlined$unsafeFlow$1
kotlinx.coroutines.flow.FlowKt__TransformKt$withIndex$lambda-7$$inlined$collect$1
kotlinx.coroutines.flow.FlowKt__TransformKt
kotlinx.coroutines.flow.FlowKt__ZipKt$combine$$inlined$combineUnsafe$FlowKt__ZipKt$1$2
kotlinx.coroutines.flow.FlowKt__ZipKt$combine$$inlined$combineUnsafe$FlowKt__ZipKt$1
kotlinx.coroutines.flow.FlowKt__ZipKt$combine$$inlined$combineUnsafe$FlowKt__ZipKt$2$2
kotlinx.coroutines.flow.FlowKt__ZipKt$combine$$inlined$combineUnsafe$FlowKt__ZipKt$2
kotlinx.coroutines.flow.FlowKt__ZipKt$combine$$inlined$combineUnsafe$FlowKt__ZipKt$3$2
kotlinx.coroutines.flow.FlowKt__ZipKt$combine$$inlined$combineUnsafe$FlowKt__ZipKt$3
kotlinx.coroutines.flow.FlowKt__ZipKt$combine$$inlined$unsafeFlow$1
kotlinx.coroutines.flow.FlowKt__ZipKt$combine$$inlined$unsafeFlow$2$1
kotlinx.coroutines.flow.FlowKt__ZipKt$combine$$inlined$unsafeFlow$2
kotlinx.coroutines.flow.FlowKt__ZipKt$combine$$inlined$unsafeFlow$3$1
kotlinx.coroutines.flow.FlowKt__ZipKt$combine$$inlined$unsafeFlow$3
kotlinx.coroutines.flow.FlowKt__ZipKt$combine$1$1
kotlinx.coroutines.flow.FlowKt__ZipKt$combine$5$1
kotlinx.coroutines.flow.FlowKt__ZipKt$combine$5$2
kotlinx.coroutines.flow.FlowKt__ZipKt$combine$6$1
kotlinx.coroutines.flow.FlowKt__ZipKt$combine$6$2